1.5
[1 2 3]
tensor([2, 8])
tensor(2)
tensor(8)
This logger will substitute general print function
1.5
[1 2 3]
tensor([2, 8])
tensor(2)
tensor(8)
This logger will substitute general print function
1.5
[1 2 3]
tensor([2, 8])
tensor(2)
tensor(8)
This logger will substitute general print function
1.5
[1 2 3]
tensor([2, 8])
tensor(2)
tensor(8)
This logger will substitute general print function
1.5
[1 2 3]
tensor([2, 8])
tensor(2)
tensor(8)
This logger will substitute general print function
1.5
[1 2 3]
tensor([2, 8])
tensor(2)
tensor(8)
This logger will substitute general print function
1.5
[1 2 3]
tensor([2, 8])
tensor(2)
tensor(8)
This logger will substitute general print function
1.5
[1 2 3]
tensor([2, 8])
tensor(2)
tensor(8)
This logger will substitute general print function
1.5
[1 2 3]
tensor([2, 8])
tensor(2)
tensor(8)
This logger will substitute general print function
1.5
[1 2 3]
tensor([2, 8])
tensor(2)
tensor(8)
This logger will substitute general print function
1.5
[1 2 3]
tensor([2, 8])
tensor(2)
tensor(8)
This logger will substitute general print function
1.5
[1 2 3]
tensor([2, 8])
tensor(2)
tensor(8)
This logger will substitute general print function
1.5
[1 2 3]
tensor([2, 8])
tensor(2)
tensor(8)
This logger will substitute general print function
1.5
[1 2 3]
tensor([2, 8])
tensor(2)
tensor(8)
This logger will substitute general print function
1.5
[1 2 3]
tensor([2, 8])
tensor(2)
tensor(8)
This logger will substitute general print function
1.5
[1 2 3]
tensor([2, 8])
tensor(2)
tensor(8)
This logger will substitute general print function
1.5
[1 2 3]
tensor([2, 8])
tensor(2)
tensor(8)
This logger will substitute general print function
1.5
[1 2 3]
tensor([2, 8])
tensor(2)
tensor(8)
This logger will substitute general print function
1.5
[1 2 3]
tensor([2, 8])
tensor(2)
tensor(8)
This logger will substitute general print function
1.5
[1 2 3]
tensor([2, 8])
tensor(2)
tensor(8)
This logger will substitute general print function
1.5
[1 2 3]
tensor([2, 8])
tensor(2)
tensor(8)
This logger will substitute general print function
